[00:01:11] [Server thread/WARN]: Received illegal place item packet
[00:06:04] [Worker-Main-17/INFO]: [STDOUT]: Giving villager () with rate type: PLAINS to abundant with values: [4]
[00:06:22] [Worker-Main-17/WARN]: Ignoring unknown attribute 'forge:entity_gravity'
[00:06:22] [Worker-Main-17/WARN]: Ignoring unknown attribute 'forge:entity_gravity'
[00:06:22] [Worker-Main-17/WARN]: Ignoring unknown attribute 'forge:entity_gravity'
[00:06:22] [Worker-Main-20/WARN]: Ignoring unknown attribute 'forge:entity_gravity'
[00:06:22] [Worker-Main-20/WARN]: Ignoring unknown attribute 'forge:entity_gravity'
[00:06:22] [Worker-Main-20/WARN]: Ignoring unknown attribute 'forge:entity_gravity'
[00:06:45] [Worker-Main-17/WARN]: Ignoring unknown attribute 'forge:entity_gravity'
[00:06:45] [Worker-Main-16/WARN]: Ignoring unknown attribute 'forge:entity_gravity'
[00:06:52] [Server thread/INFO]: feloz2 has made the advancement [Not Today, Thank You]
[00:07:50] [Server thread/WARN]: UUID of added entity already exists: EnchantedGrassRedSheepEntity['Sheep'/9272, l='ServerLevel[world]', x=-517.00, y=85.00, z=-495.00]
[00:07:50] [Server thread/WARN]: UUID of added entity already exists: EnchantedGrassRedSheepEntity['Sheep'/9272, l='ServerLevel[world]', x=-517.00, y=85.00, z=-495.00]
[00:09:45] [Server thread/INFO]: feloz2 drowned
[00:12:19] [Worker-Main-21/WARN]: Ignoring unknown attribute 'forge:entity_gravity'
[00:12:19] [Worker-Main-21/INFO]: [STDOUT]: Giving villager () with rate type: PLAINS to common with values: [5, 3]
[00:13:15] [Server thread/INFO]: [STDOUT]: setIsSleepingInBag
[00:14:45] [Server thread/INFO]: feloz2 has made the advancement [advancements.gobber2.gobber2_ring_teleport.title]
[00:19:04] [Worker-Main-19/WARN]: Skipping Entity with id 
[00:19:45] [Server thread/INFO]: feloz2 has made the advancement [Isn't It Iron Pick]
[00:20:08] [Server thread/INFO]: feloz2 has made the advancement [advancements.artifality.artifact_first.name]
[00:21:45] [Server thread/WARN]: feloz2 moved too quickly! 526.9302049121368,-1.0,26.766863832360173
[00:21:45] [Server thread/WARN]: feloz2 moved too quickly! 526.9302049121368,-1.0,26.766863832360173
[00:21:45] [Server thread/WARN]: feloz2 moved too quickly! 526.9302049121368,-1.0,26.766863832360173
[00:21:45] [Server thread/WARN]: feloz2 moved too quickly! 526.9302049121368,-1.0,26.766863832360173
[00:21:45] [Server thread/WARN]: feloz2 moved too quickly! 526.9302049121368,-1.0,26.766863832360173
[00:21:45] [Server thread/WARN]: feloz2 moved too quickly! 526.9302049121368,-1.0,26.766863832360173
[00:21:45] [Server thread/WARN]: feloz2 moved too quickly! 526.9302049121368,-1.0,26.766863832360173
[00:21:45] [Server thread/WARN]: feloz2 moved too quickly! 526.9302049121368,-1.0,26.766863832360173
[00:21:45] [Server thread/WARN]: feloz2 moved too quickly! 526.9302049121368,-1.0,26.766863832360173
[00:23:27] [Server thread/INFO]: feloz2 has made the advancement [A Seedy Place]
[00:23:52] [Server thread/INFO]: [STDOUT]: setIsSleepingInBag
[00:23:53] [Server thread/INFO]: [STDOUT]: setIsSleepingInBag
[00:23:54] [Server thread/INFO]: [STDOUT]: setIsSleepingInBag
[00:23:55] [Server thread/INFO]: [STDOUT]: setIsSleepingInBag
[00:23:56] [Server thread/INFO]: [STDOUT]: setIsSleepingInBag
[00:28:25] [Server thread/INFO]: feloz2 has reached the goal [On The Go]
[00:38:16] [Server thread/INFO]: feloz2 lost connection: Disconnected
[00:38:16] [Server thread/INFO]: feloz2 left the game
[00:39:10] [Server thread/INFO]: Stopping the server
[00:39:10] [Server thread/INFO]: Stopping server
[00:39:10] [Server thread/INFO]: Saving players
[00:39:10] [Server thread/INFO]: Saving worlds
[00:39:10] [Server thread/INFO]: Saving chunks for level 'ServerLevel[world]'/minecraft:overworld
[00:39:10] [Server thread/INFO]: Saving chunks for level 'ServerLevel[world]'/minecraft:the_nether
[00:39:10] [Server thread/INFO]: Saving chunks for level 'ServerLevel[world]'/minecraft:the_end
[00:39:10] [Server thread/INFO]: Saving chunks for level 'ServerLevel[world]'/voidz:void
[00:39:10] [Server thread/INFO]: Saving chunks for level 'ServerLevel[world]'/the_aether:the_aether
[00:39:10] [Server thread/INFO]: ThreadedAnvilChunkStorage (world): All chunks are saved
[00:39:10] [Server thread/INFO]: ThreadedAnvilChunkStorage (DIM-1): All chunks are saved
[00:39:10] [Server thread/INFO]: ThreadedAnvilChunkStorage (DIM1): All chunks are saved
[00:39:10] [Server thread/INFO]: ThreadedAnvilChunkStorage (void): All chunks are saved
[00:39:10] [Server thread/INFO]: ThreadedAnvilChunkStorage (the_aether): All chunks are saved
[00:39:10] [Server thread/INFO]: ThreadedAnvilChunkStorage: All dimensions are saved
